\BOOKMARK [1][-]{section.1}{\376\377\226\306\124\010\116\016\146\040\134\004}{}% 1
\BOOKMARK [2][-]{subsection.1.1}{\376\377\226\306\124\010}{section.1}% 2
\BOOKMARK [2][-]{subsection.1.2}{\376\377\146\040\134\004\116\016\121\375\145\160}{section.1}% 3
\BOOKMARK [1][-]{section.2}{\376\377\145\160\122\027\147\201\226\120}{}% 4
\BOOKMARK [2][-]{subsection.2.1}{\376\377\133\236\145\160\174\373\166\204\217\336\176\355\140\047}{section.2}% 5
\BOOKMARK [2][-]{subsection.2.2}{\376\377\145\160\122\027\147\201\226\120}{section.2}% 6
\BOOKMARK [2][-]{subsection.2.3}{\376\377\145\340\172\167\131\047\221\317}{section.2}% 7
\BOOKMARK [2][-]{subsection.2.4}{\376\377\145\066\145\133\121\306\122\031}{section.2}% 8
\BOOKMARK [1][-]{section.3}{\376\377\121\375\145\160\147\201\226\120\116\016\217\336\176\355\121\375\145\160}{}% 9
\BOOKMARK [2][-]{subsection.3.1}{\376\377\121\375\145\160\147\201\226\120}{section.3}% 10
\BOOKMARK [2][-]{subsection.3.2}{\376\377\217\336\176\355\121\375\145\160}{section.3}% 11
\BOOKMARK [2][-]{subsection.3.3}{\376\377\145\340\172\167\131\047\221\317}{section.3}% 12
\BOOKMARK [2][-]{subsection.3.4}{\376\377\225\355\123\072\225\364\116\012\166\204\217\336\176\355\121\375\145\160}{section.3}% 13
\BOOKMARK [1][-]{section.4}{\376\377\137\256\122\006}{}% 14
\BOOKMARK [2][-]{subsection.4.1}{\376\377\137\256\122\006\124\214\133\374\145\160}{section.4}% 15
\BOOKMARK [2][-]{subsection.4.2}{\376\377\133\374\145\160\166\204\141\017\116\111\124\214\140\047\215\050}{section.4}% 16
\BOOKMARK [2][-]{subsection.4.3}{\376\377\133\374\145\160\126\333\122\031\217\320\173\227\124\214\123\315\121\375\145\160\154\102\133\374\154\325\122\031}{section.4}% 17
\BOOKMARK [2][-]{subsection.4.4}{\376\377\131\015\124\010\121\375\145\160\154\102\133\374\154\325\122\031\123\312\121\166\136\224\165\050}{section.4}% 18
\BOOKMARK [2][-]{subsection.4.5}{\376\377\232\330\226\066\133\374\145\160\124\214\137\256\122\006}{section.4}% 19
\BOOKMARK [1][-]{section.5}{\376\377\137\256\122\006\116\055\120\074\133\232\164\006\123\312\121\166\136\224\165\050}{}% 20
\BOOKMARK [2][-]{subsection.5.1}{\376\377\137\256\122\006\116\055\120\074\133\232\164\006}{section.5}% 21
\BOOKMARK [2][-]{subsection.5.2}{\376\377\000L\000'\000H\000o\000s\000p\000i\000t\000a\000l\000\040\154\325\122\031}{section.5}% 22
\BOOKMARK [2][-]{subsection.5.3}{\376\377\000T\000a\000y\000l\000o\000r\000\040\131\032\230\171\137\017\124\214\143\322\120\074\131\032\230\171\137\017}{section.5}% 23
\BOOKMARK [2][-]{subsection.5.4}{\376\377\121\375\145\160\166\204\000\040\000T\000a\000y\000l\000o\000r\000\040\121\154\137\017\123\312\121\166\136\224\165\050}{section.5}% 24
\BOOKMARK [2][-]{subsection.5.5}{\376\377\136\224\165\050\116\076\117\213}{section.5}% 25
\BOOKMARK [1][-]{section.9}{\376\377\145\160\230\171\176\247\145\160}{}% 26
\BOOKMARK [2][-]{subsection.9.2}{\376\377\116\012\147\201\226\120\116\016\116\013\176\247\226\120}{section.9}% 27
\BOOKMARK [1][-]{section.10}{\376\377\121\375\145\160\230\171\176\247\145\160}{}% 28
\BOOKMARK [2][-]{subsection.10.1}{\376\377\121\375\145\160\230\171\176\247\145\160\166\204\116\000\201\364\145\066\145\133\140\047}{section.10}% 29
\BOOKMARK [1][-]{section.11}{\376\377\000E\000u\000c\000l\000i\000d\000\040\172\172\225\364\116\012\166\204\147\201\226\120\124\214\217\336\176\355}{}% 30
\BOOKMARK [1][-]{section.12}{\376\377\131\032\121\103\121\375\145\160\166\204\137\256\122\006\133\146}{}% 31
\BOOKMARK [2][-]{subsection.12.1}{\376\377\120\117\133\374\145\160\116\016\121\150\137\256\122\006}{section.12}% 32
\BOOKMARK [2][-]{subsection.12.2}{\376\377\131\032\121\103\131\015\124\010\121\375\145\160\166\204\154\102\133\374\154\325\122\031}{section.12}% 33
\BOOKMARK [2][-]{subsection.12.3}{\376\377\116\055\120\074\133\232\164\006\124\214\000\040\000T\000a\000y\000l\000o\000r\000\040\121\154\137\017}{section.12}% 34
\BOOKMARK [2][-]{subsection.12.4}{\376\377\226\220\121\375\145\160}{section.12}% 35
\BOOKMARK [2][-]{subsection.12.5}{\376\377\120\117\133\374\145\160\127\050\121\340\117\125\116\055\166\204\136\224\165\050}{section.12}% 36
\BOOKMARK [2][-]{subsection.12.6}{\376\377\145\340\147\141\116\366\147\201\120\074}{section.12}% 37
\BOOKMARK [2][-]{subsection.12.7}{\376\377\147\141\116\366\147\201\120\074\116\016\000\040\000L\000a\000g\000r\000a\000n\000g\000e\000\040\116\130\145\160\154\325}{section.12}% 38
\BOOKMARK [1][-]{section.13}{\376\377\221\315\171\357\122\006}{}% 39
\BOOKMARK [2][-]{subsection.13.1}{\376\377\147\011\165\114\225\355\123\072\127\337\116\012\166\204\221\315\171\357\122\006}{section.13}% 40
\BOOKMARK [2][-]{subsection.13.2}{\376\377\221\315\171\357\122\006\166\204\140\047\215\050\116\016\213\241\173\227}{section.13}% 41
\BOOKMARK [1][-]{section.14}{\376\377\146\362\176\277\171\357\122\006\060\001\146\362\227\142\171\357\122\006\116\016\127\072\213\272}{}% 42
\BOOKMARK [2][-]{subsection.14.1}{\376\377\173\054\116\000\174\173\146\362\176\277\171\357\122\006\116\016\173\054\116\000\174\173\146\362\227\142\171\357\122\006}{section.14}% 43
\BOOKMARK [1][-]{appendix.1.A}{\376\377\226\104\137\125\000\040\133\236\145\160\174\373\127\372\147\054\133\232\164\006\116\113\225\364\166\204\173\111\116\367\213\301\146\016}{}% 44
\BOOKMARK [2][-]{subsection.1.A.1}{\376\377\116\135\116\052\133\236\145\160\174\373\127\372\147\054\133\232\164\006\166\204\123\331\217\360}{appendix.1.A}% 45
\BOOKMARK [2][-]{subsection.1.A.2}{\376\377\165\050\170\156\165\114\133\130\127\050\133\232\164\006\213\301\146\016\121\166\133\203\133\232\164\006}{appendix.1.A}% 46
\BOOKMARK [3][-]{subsubsection.1.A.2.1}{\376\377\123\125\214\003\147\011\165\114\133\232\164\006}{subsection.1.A.2}% 47
\BOOKMARK [2][-]{subsection.1.A.3}{\376\377\165\050\123\125\214\003\147\011\165\114\133\232\164\006\213\301\146\016\121\166\133\203\133\232\164\006}{appendix.1.A}% 48
\BOOKMARK [3][-]{subsubsection.1.A.3.1}{\376\377\225\355\123\072\225\364\131\127\133\232\164\006}{subsection.1.A.3}% 49
\BOOKMARK [2][-]{subsection.1.A.4}{\376\377\165\050\225\355\123\072\225\364\131\127\133\232\164\006\213\301\146\016\121\166\133\203\133\232\164\006}{appendix.1.A}% 50
\BOOKMARK [3][-]{subsubsection.1.A.4.1}{\376\377\123\125\214\003\147\011\165\114\133\232\164\006}{subsection.1.A.4}% 51
\BOOKMARK [3][-]{subsubsection.1.A.4.2}{\376\377\000B\000o\000l\000z\000a\000n\000o\040\023\000W\000e\000i\000e\000r\000s\000t\000r\000a\000s\000s\000\040\133\232\164\006}{subsection.1.A.4}% 52
\BOOKMARK [2][-]{subsection.1.A.5}{\376\377\165\050\000\040\000H\000e\000i\000n\000e\040\023\000B\000o\000r\000e\000l\000\040\147\011\226\120\211\206\166\326\133\232\164\006\213\301\146\016\121\166\133\203\133\232\164\006}{appendix.1.A}% 53
\BOOKMARK [3][-]{subsubsection.1.A.5.1}{\376\377\000W\000e\000i\000e\000r\000s\000t\000r\000a\000s\000s\000\040\200\132\160\271\123\237\164\006}{subsection.1.A.5}% 54
\BOOKMARK [2][-]{subsection.1.A.6}{\376\377\165\050\000\040\000B\000o\000l\000z\000a\000n\000o\040\023\000W\000e\000i\000e\000r\000s\000t\000r\000a\000s\000s\000\040\133\232\164\006\213\301\146\016\121\166\133\203\133\232\164\006}{appendix.1.A}% 55
\BOOKMARK [3][-]{subsubsection.1.A.6.1}{\376\377\000C\000a\000u\000c\000h\000y\000\040\145\066\145\133\123\237\164\006}{subsection.1.A.6}% 56
\BOOKMARK [2][-]{subsection.1.A.7}{\376\377\165\050\000\040\000C\000a\000u\000c\000h\000y\000\040\145\066\145\133\123\237\164\006\213\301\146\016\121\166\133\203\133\232\164\006}{appendix.1.A}% 57
\BOOKMARK [2][-]{subsection.1.A.8}{\376\377\165\050\000\040\000D\000e\000d\000e\000k\000i\000n\000d\000\040\122\006\122\162\133\232\164\006\213\301\146\016\121\166\133\203\133\232\164\006}{appendix.1.A}% 58
\BOOKMARK [2][-]{subsection.1.A.9}{\376\377\165\050\000\040\000W\000e\000i\000e\000r\000s\000t\000r\000a\000s\000s\000\040\200\132\160\271\123\237\164\006\213\301\146\016\121\166\133\203\133\232\164\006}{appendix.1.A}% 59
\BOOKMARK [3][-]{subsubsection.1.A.9.1}{\376\377\000B\000o\000l\000z\000a\000n\000o\040\023\000W\000e\000i\000e\000r\000s\000t\000r\000a\000s\000s\000\040\133\232\164\006}{subsection.1.A.9}% 60
\BOOKMARK [2][-]{subsection.1.A.10}{\376\377\165\050\217\336\176\355\121\375\145\160\116\313\120\074\133\232\164\006\213\301\146\016\121\166\133\203\133\232\164\006}{appendix.1.A}% 61
\BOOKMARK [1][-]{appendix.1.B}{\376\377\226\104\137\125\000\040\136\070\165\050\176\323\213\272}{}% 62
\BOOKMARK [2][-]{subsection.1.B.1}{\376\377\136\070\165\050\173\111\116\367\145\340\172\167\134\017}{appendix.1.B}% 63
\BOOKMARK [1][-]{appendix.1.C}{\376\377\226\104\137\125\000\040\133\374\145\160\210\150}{}% 64
\BOOKMARK [1][-]{appendix.1.D}{\376\377\226\104\137\125\000\040\127\372\147\054\171\357\122\006\210\150}{}% 65
