\BOOKMARK [1][-]{section.1}{\376\377\176\277\140\047\145\271\172\013\176\304\166\204\155\210\121\103\211\343\154\325}{}% 1
\BOOKMARK [2][-]{subsection.1.1}{\376\377\173\033\123\141\134\024\166\364\211\322\127\120\150\007\174\373\377\014\121\340\117\125\124\021\221\317\123\312\217\320\173\227}{section.1}% 2
\BOOKMARK [2][-]{subsection.1.2}{\376\377\116\011\176\364\133\236\172\172\225\364\166\204\166\364\176\277\124\214\136\163\227\142\145\271\172\013\377\014\121\340\117\125\124\021\221\317\166\204\124\021\221\317\171\357\116\016\155\367\124\010\171\357}{section.1}% 3
\BOOKMARK [2][-]{subsection.1.3}{\376\377\176\277\140\047\145\271\172\013\176\304\123\312\232\330\145\257\155\210\121\103\154\325}{section.1}% 4
\BOOKMARK [2][-]{subsection.1.4}{\376\377\145\160\127\337\060\001\124\021\221\317\116\016\167\351\226\065}{section.1}% 5
\BOOKMARK [2][-]{subsection.1.5}{\376\377\211\343\176\277\140\047\145\271\172\013\176\304\166\204\167\351\226\065\155\210\121\103\154\325}{section.1}% 6
\BOOKMARK [2][-]{subsection.1.6}{\376\377\176\277\140\047\145\271\172\013\176\304\166\204\220\032\211\343\123\312\124\021\221\317\210\150\171\072}{section.1}% 7
\BOOKMARK [2][-]{subsection.1.7}{\376\377\213\241\173\227\147\072\211\343\176\277\140\047\145\271\172\013\176\304}{section.1}% 8
\BOOKMARK [1][-]{section.2}{\376\377\116\316\145\160\176\304\124\021\221\317\172\172\225\364\122\060\116\000\202\054\176\277\140\047\172\172\225\364}{}% 9
\BOOKMARK [2][-]{subsection.2.1}{\376\377\172\172\225\364\124\021\221\317\166\204\121\161\176\277\060\001\121\161\227\142\377\014\137\040\142\020\133\120\172\172\225\364}{section.2}% 10
\BOOKMARK [2][-]{subsection.2.2}{\376\377\377\010\145\160\176\304\377\011\124\021\221\317\176\304\166\204\176\277\140\047\166\370\121\163\140\047\123\312\122\044\133\232\173\227\154\325}{section.2}% 11
\BOOKMARK [2][-]{subsection.2.3}{\376\377\124\021\221\317\176\304\166\204\173\111\116\367\116\016\171\351}{section.2}% 12
\BOOKMARK [2][-]{subsection.2.4}{\376\377\377\010\145\160\176\304\377\011\124\021\221\317\172\172\225\364\166\204\133\120\172\172\225\364}{section.2}% 13
\BOOKMARK [2][-]{subsection.2.5}{\376\377\227\136\237\120\153\041\176\277\140\047\145\271\172\013\176\304\211\343\226\306\166\204\176\323\147\204}{section.2}% 14
\BOOKMARK [2][-]{subsection.2.6}{\376\377\176\277\140\047\172\172\225\364\377\010\142\026\124\021\221\317\172\172\225\364\377\011}{section.2}% 15
\BOOKMARK [2][-]{subsection.2.7}{\376\377\176\277\140\047\172\172\225\364\166\204\124\014\147\204\116\016\124\014\140\001}{section.2}% 16
\BOOKMARK [2][-]{subsection.2.8}{\376\377\133\120\172\172\225\364\166\204\116\244\116\016\124\214}{section.2}% 17
\BOOKMARK [1][-]{section.3}{\376\377\210\114\122\027\137\017}{}% 18
\BOOKMARK [2][-]{subsection.3.1}{\376\377\000\040\226\066\210\114\122\027\137\017\166\204\133\232\116\111}{section.3}% 19
\BOOKMARK [2][-]{subsection.3.2}{\376\377\210\114\122\027\137\017\166\204\140\047\215\050}{section.3}% 20
\BOOKMARK [2][-]{subsection.3.3}{\376\377\210\114\122\027\137\017\143\011\210\114\143\011\122\027\134\125\137\000\133\232\164\006}{section.3}% 21
\BOOKMARK [2][-]{subsection.3.4}{\376\377\121\113\142\311\236\330\377\010\000C\000r\000a\000m\000e\000r\377\011\154\325\122\031}{section.3}% 22
\BOOKMARK [1][-]{section.4}{\376\377\167\351\226\065\166\204\116\343\145\160\217\320\173\227}{}% 23
\BOOKMARK [2][-]{subsection.4.1}{\376\377\167\351\226\065\166\204\127\372\147\054\116\343\145\160\217\320\173\227}{section.4}% 24
\BOOKMARK [2][-]{subsection.4.2}{\376\377\167\351\226\065\166\204\122\006\127\127\217\320\173\227}{section.4}% 25
\BOOKMARK [2][-]{subsection.4.3}{\376\377\123\357\220\006\167\351\226\065\116\016\154\102\220\006\167\351\226\065\166\204\173\227\154\325}{section.4}% 26
\BOOKMARK [2][-]{subsection.4.4}{\376\377\122\035\173\111\167\351\226\065\116\016\122\035\173\111\123\330\143\142}{section.4}% 27
\BOOKMARK [2][-]{subsection.4.5}{\376\377\167\351\226\065\166\204\171\351\166\204\173\054\116\214\171\315\133\232\116\111}{section.4}% 28
\BOOKMARK [2][-]{subsection.4.7}{\376\377\167\351\226\065\166\204\136\177\116\111\220\006\167\351\226\065}{section.4}% 29
\BOOKMARK [1][-]{section.5}{\376\377\145\160\127\337\116\012\166\204\116\000\121\103\131\032\230\171\137\017}{}% 30
\BOOKMARK [2][-]{subsection.5.1}{\376\377\131\032\230\171\137\017\166\204\133\232\116\111\124\214\217\320\173\227}{section.5}% 31
\BOOKMARK [1][-]{section.6}{\376\377\176\277\140\047\172\172\225\364\166\204\176\277\140\047\123\330\143\142}{}% 32
\BOOKMARK [2][-]{subsection.6.1}{\376\377\172\172\225\364\166\204\145\313\217\154\116\016\123\315\134\004\123\330\143\142}{section.6}% 33
\BOOKMARK [2][-]{subsection.6.2}{\376\377\176\277\140\047\146\040\134\004\116\016\176\277\140\047\123\330\143\142}{section.6}% 34
\BOOKMARK [2][-]{subsection.6.3}{\376\377\176\277\140\047\146\040\134\004\116\016\176\277\140\047\123\330\143\142\127\050\116\015\124\014\127\372\116\013\166\204\167\351\226\065}{section.6}% 35
\BOOKMARK [2][-]{subsection.6.4}{\376\377\176\277\140\047\146\040\134\004\123\312\176\277\140\047\123\330\143\142\166\204\120\317\116\016\150\070}{section.6}% 36
\BOOKMARK [2][-]{subsection.6.5}{\376\377\125\106\172\172\225\364}{section.6}% 37
\BOOKMARK [2][-]{subsection.6.6}{\376\377\162\171\137\201\120\074\116\016\162\171\137\201\124\021\221\317}{section.6}% 38
\BOOKMARK [2][-]{subsection.6.7}{\376\377\162\171\137\201\131\032\230\171\137\017\060\001\162\171\137\201\133\120\172\172\225\364\116\016\166\370\117\074\133\371\211\322\123\026\060\001\116\015\123\330\133\120\172\172\225\364}{section.6}% 39
\BOOKMARK [2][-]{subsection.6.8}{\376\377\147\000\134\017\131\032\230\171\137\017}{section.6}% 40
\BOOKMARK [2][-]{subsection.6.9}{\376\377\202\345\134\024\137\123\137\142\167\351\226\065\173\200\116\313}{section.6}% 41
\BOOKMARK [1][-]{section.7}{\376\377\176\277\140\047\123\330\143\142\127\050\116\214\153\041\127\213\123\026\173\200\116\055\166\204\136\224\165\050}{}% 42
\BOOKMARK [2][-]{subsection.7.1}{\376\377\172\172\225\364\116\214\153\041\146\362\227\142\123\312\122\006\174\173}{section.7}% 43
\BOOKMARK [2][-]{subsection.7.2}{\376\377\000n\000\040\121\103\116\214\153\041\127\213\123\312\121\166\167\351\226\065\210\150\171\072}{section.7}% 44
\BOOKMARK [2][-]{subsection.7.3}{\376\377\123\026\116\214\153\041\127\213\116\072\150\007\121\306\137\142}{section.7}% 45
\BOOKMARK [2][-]{subsection.7.4}{\376\377\153\143\133\232\116\214\153\041\127\213\116\016\153\143\133\232\167\351\226\065}{section.7}% 46
\BOOKMARK [2][-]{subsection.7.5}{\376\377\166\370\124\010\116\015\123\330\221\317}{section.7}% 47
\BOOKMARK [1][-]{section.8}{\376\377\153\047\121\340\221\314\137\227\172\172\225\364}{}% 48
\BOOKMARK [2][-]{subsection.8.1}{\376\377\172\172\225\364\124\021\221\317\166\204\121\205\171\357\116\016\225\177\136\246\124\214\131\071\211\322}{section.8}% 49
\BOOKMARK [2][-]{subsection.8.2}{\376\377\121\205\171\357\116\016\153\047\121\340\221\314\137\227\172\172\225\364}{section.8}% 50
\BOOKMARK [2][-]{subsection.8.3}{\376\377\136\246\221\317\167\351\226\065\116\016\150\007\121\306\153\143\116\244\127\372}{section.8}% 51
\BOOKMARK [2][-]{subsection.8.4}{\376\377\153\143\116\244\167\351\226\065\116\016\153\143\116\244\123\330\143\142}{section.8}% 52
\BOOKMARK [2][-]{subsection.8.5}{\376\377\133\236\133\371\171\360\167\351\226\065\166\204\153\143\116\244\166\370\117\074\133\371\211\322\123\026\060\001\133\371\171\360\123\330\143\142}{section.8}% 53
